RUN	com.gatling.tests.SearchAndEditComputer	searchandeditcomputer	1722294306050	Search and Edit with Ramp up and User Roles	3.6.1
USER	Admins	START	1722294306790
USER	Users	START	1722294306790
REQUEST		Home	1722294306798	1722294307295	OK	 
REQUEST		Home	1722294306798	1722294307295	OK	 
USER	Users	START	1722294307788
REQUEST		Home	1722294307789	1722294308269	OK	 
USER	Admins	START	1722294308786
USER	Users	START	1722294308788
REQUEST		Home	1722294308788	1722294309270	OK	 
REQUEST		Home	1722294308788	1722294309270	OK	 
REQUEST		Search	1722294309346	1722294309433	OK	 
REQUEST		Search	1722294309346	1722294309433	OK	 
USER	Users	START	1722294309786
REQUEST		Home	1722294309788	1722294310106	OK	 
REQUEST		Search	1722294310274	1722294310387	OK	 
USER	Users	START	1722294310786
REQUEST		Home	1722294310788	1722294311147	OK	 
REQUEST		Search	1722294311274	1722294311545	OK	 
REQUEST		Search	1722294311274	1722294311545	OK	 
USER	Users	START	1722294311786
USER	Admins	START	1722294311786
REQUEST		Home	1722294311786	1722294312042	OK	 
REQUEST		Home	1722294311786	1722294312042	OK	 
REQUEST		Search	1722294312111	1722294312391	OK	 
REQUEST		Select	1722294312438	1722294312525	OK	 
REQUEST		Select	1722294312438	1722294312525	OK	 
USER	Users	START	1722294312786
REQUEST		Home	1722294312788	1722294313048	OK	 
REQUEST		Search	1722294313152	1722294313427	OK	 
REQUEST		Select	1722294313391	1722294313507	OK	 
USER	Admins	START	1722294313786
USER	Users	START	1722294313786
REQUEST		Home	1722294313787	1722294314059	OK	 
REQUEST		Home	1722294313787	1722294314060	OK	 
REQUEST		Search	1722294314046	1722294314129	OK	 
REQUEST		Search	1722294314046	1722294314129	OK	 
REQUEST		Select	1722294314549	1722294314634	OK	 
REQUEST		Select	1722294314549	1722294314634	OK	 
USER	Users	START	1722294314786
REQUEST		Home	1722294314787	1722294315074	OK	 
REQUEST		Search	1722294315051	1722294315134	OK	 
REQUEST		Select	1722294315397	1722294315587	OK	 
USER	Users	START	1722294315787
REQUEST		Home	1722294315788	1722294316140	OK	 
REQUEST		Search	1722294316063	1722294316153	OK	 
REQUEST		Search	1722294316063	1722294316153	OK	 
USER	Users	END	1722294316530
REQUEST		Select	1722294316430	1722294316629	OK	 
REQUEST		Edit	1722294316531	1722294316628	OK	 
REQUEST		Edit Redirect 1	1722294316633	1722294316721	OK	 
REQUEST		Search	1722294317077	1722294317165	OK	 
REQUEST		Select	1722294317133	1722294317220	OK	 
REQUEST		Select	1722294317133	1722294317220	OK	 
USER	Users	END	1722294317512
REQUEST		Select	1722294318137	1722294318227	OK	 
REQUEST		Search	1722294318144	1722294318228	OK	 
USER	Users	END	1722294318640
REQUEST		Edit	1722294318639	1722294318728	OK	 
REQUEST		Edit Redirect 1	1722294318730	1722294318818	OK	 
REQUEST		Select	1722294319157	1722294319243	OK	 
REQUEST		Select	1722294319158	1722294319246	OK	 
USER	Users	END	1722294319593
REQUEST		Select	1722294320169	1722294320262	OK	 
USER	Users	END	1722294320634
USER	Admins	END	1722294320725
USER	Users	END	1722294321225
REQUEST		Edit	1722294321224	1722294321312	OK	 
REQUEST		Select	1722294321232	1722294321320	OK	 
REQUEST		Edit Redirect 1	1722294321314	1722294321403	OK	 
USER	Users	END	1722294322233
USER	Admins	END	1722294322823
USER	Users	END	1722294323248
REQUEST		Edit	1722294323250	1722294323338	OK	 
REQUEST		Edit Redirect 1	1722294323339	1722294323426	OK	 
USER	Users	END	1722294324268
USER	Users	END	1722294325324
USER	Admins	END	1722294325408
USER	Admins	END	1722294327431
