RUN	com.gatling.tests.api.PostPutDeleteAPIDemo	postputdeleteapidemo	1722364931599	Demo4	3.6.1
USER	Create User	START	1722364932861
USER	Update User	START	1722364932861
USER	Update User	START	1722364933353
USER	Create User	START	1722364933358
REQUEST		Create user req	1722364932869	1722364933420	OK	 
REQUEST		update user	1722364932869	1722364933420	OK	 
REQUEST		update user	1722364933354	1722364933854	OK	 
REQUEST		Create user req	1722364933358	1722364933854	OK	 
USER	Update User	START	1722364933853
USER	Create User	START	1722364933858
REQUEST		update user	1722364933854	1722364934268	OK	 
REQUEST		Create user req	1722364933859	1722364934267	OK	 
USER	Update User	START	1722364934353
USER	Create User	START	1722364934358
USER	Create User	END	1722364934451
USER	Update User	END	1722364934451
USER	Update User	START	1722364934854
USER	Create User	END	1722364934858
USER	Update User	END	1722364934858
USER	Create User	START	1722364934859
REQUEST		update user	1722364934355	1722364934894	OK	 
REQUEST		Create user req	1722364934359	1722364934894	OK	 
USER	Create User	END	1722364935272
USER	Update User	END	1722364935272
REQUEST		update user	1722364934855	1722364935316	OK	 
REQUEST		Create user req	1722364934859	1722364935316	OK	 
USER	Create User	START	1722364935352
REQUEST		Create user req	1722364935353	1722364935732	OK	 
USER	Create User	START	1722364935853
USER	Update User	END	1722364935897
USER	Create User	END	1722364935897
USER	Update User	END	1722364936322
USER	Create User	END	1722364936322
USER	Create User	START	1722364936353
REQUEST		Create user req	1722364935854	1722364936366	OK	 
REQUEST		Create user req	1722364936354	1722364936733	OK	 
USER	Create User	END	1722364936736
USER	Create User	START	1722364936853
REQUEST		Create user req	1722364936855	1722364937342	OK	 
USER	Create User	START	1722364937353
USER	Create User	END	1722364937371
USER	Create User	END	1722364937737
REQUEST		Create user req	1722364937354	1722364937795	OK	 
USER	Create User	END	1722364938347
USER	Create User	END	1722364938801
