RUN	com.gatling.tests.api.PostPutDeleteAPIDemo	postputdeleteapidemo	1722365305788	Demo 5	3.6.1
USER	Create User	START	1722365306203
USER	Delete User	START	1722365306204
USER	Update User	START	1722365306204
REQUEST		delete user req	1722365306210	1722365306629	OK	 
REQUEST		Create user req	1722365306210	1722365306612	OK	 
REQUEST		update user	1722365306210	1722365306612	OK	 
USER	Update User	START	1722365306700
USER	Create User	START	1722365306701
USER	Delete User	START	1722365307201
USER	Create User	START	1722365307202
USER	Update User	START	1722365307201
REQUEST		update user	1722365306700	1722365307217	OK	 
REQUEST		Create user req	1722365306701	1722365307217	OK	 
REQUEST		update user	1722365307202	1722365307616	OK	 
REQUEST		Create user req	1722365307202	1722365307616	OK	 
REQUEST		delete user req	1722365307202	1722365307639	OK	 
USER	Delete User	END	1722365307642
USER	Update User	END	1722365307655
USER	Create User	END	1722365307655
USER	Update User	START	1722365307701
USER	Create User	START	1722365307705
USER	Delete User	START	1722365308201
USER	Update User	START	1722365308200
USER	Create User	START	1722365308204
USER	Create User	END	1722365308221
USER	Update User	END	1722365308221
REQUEST		update user	1722365307702	1722365308258	OK	 
REQUEST		Create user req	1722365307705	1722365308260	OK	 
USER	Create User	END	1722365308623
USER	Update User	END	1722365308623
REQUEST		delete user req	1722365308202	1722365308630	OK	 
REQUEST		update user	1722365308201	1722365308637	OK	 
USER	Delete User	END	1722365308643
REQUEST		Create user req	1722365308205	1722365308646	OK	 
USER	Create User	START	1722365308701
USER	Create User	START	1722365309201
USER	Create User	END	1722365309263
USER	Update User	END	1722365309263
REQUEST		Create user req	1722365308702	1722365309296	OK	 
USER	Delete User	END	1722365309634
USER	Update User	END	1722365309643
USER	Create User	END	1722365309651
REQUEST		Create user req	1722365309201	1722365309682	OK	 
USER	Create User	START	1722365309701
REQUEST		Create user req	1722365309702	1722365310091	OK	 
USER	Create User	START	1722365310201
USER	Create User	END	1722365310305
USER	Create User	END	1722365310690
USER	Create User	START	1722365310700
REQUEST		Create user req	1722365310202	1722365310756	OK	 
USER	Create User	END	1722365311097
REQUEST		Create user req	1722365310702	1722365311130	OK	 
USER	Create User	END	1722365311762
USER	Create User	END	1722365312135
